::1 - - [05/Nov/2025:03:17:06 +0000] "POST /auth/login HTTP/1.1" 500 17
::1 - - [05/Nov/2025:03:17:15 +0000] "POST /auth/login HTTP/1.1" 400 23
::ffff:127.0.0.1 - - [05/Nov/2025:03:20:30 +0000] "POST /auth/register HTTP/1.1" 500 20
::ffff:127.0.0.1 - - [05/Nov/2025:03:21:51 +0000] "POST /auth/register HTTP/1.1" 500 20
::ffff:127.0.0.1 - - [05/Nov/2025:03:22:46 +0000] "POST /tasks/ HTTP/1.1" 401 15
::ffff:127.0.0.1 - - [05/Nov/2025:03:26:57 +0000] "POST /auth/register HTTP/1.1" 201 32
::ffff:127.0.0.1 - - [05/Nov/2025:03:27:30 +0000] "POST /tasks/ HTTP/1.1" 401 15
::ffff:127.0.0.1 - - [05/Nov/2025:03:28:37 +0000] "POST /auth/login HTTP/1.1" 200 225
::1 - - [05/Nov/2025:03:29:57 +0000] "GET /tasks HTTP/1.1" 403 26
::1 - - [05/Nov/2025:03:30:00 +0000] "POST /auth/login HTTP/1.1" 500 17
::1 - - [05/Nov/2025:03:30:08 +0000] "POST /auth/login HTTP/1.1" 500 17
::1 - - [05/Nov/2025:03:31:02 +0000] "GET /tasks HTTP/1.1" 403 26
::1 - - [05/Nov/2025:03:31:06 +0000] "GET /tasks HTTP/1.1" 403 26
::1 - - [05/Nov/2025:03:32:09 +0000] "GET /tasks HTTP/1.1" 403 26
::1 - - [05/Nov/2025:03:32:12 +0000] "POST /auth/login HTTP/1.1" 500 17
::1 - - [05/Nov/2025:03:32:19 +0000] "POST /auth/login HTTP/1.1" 500 17
::1 - - [05/Nov/2025:03:34:45 +0000] "POST /auth/login HTTP/1.1" 200 225
::1 - - [05/Nov/2025:03:34:45 +0000] "GET /tasks HTTP/1.1" 200 495
::1 - - [05/Nov/2025:03:34:49 +0000] "GET /tasks HTTP/1.1" 304 -
::1 - - [05/Nov/2025:03:35:04 +0000] "POST /auth/register HTTP/1.1" 201 32
::1 - - [05/Nov/2025:03:35:04 +0000] "POST /auth/login HTTP/1.1" 200 227
::1 - - [05/Nov/2025:03:35:04 +0000] "GET /tasks HTTP/1.1" 304 -
::1 - - [05/Nov/2025:03:36:44 +0000] "GET /tasks HTTP/1.1" 304 -
::1 - - [05/Nov/2025:05:14:14 +0000] "POST /auth/login HTTP/1.1" 500 17
::1 - - [05/Nov/2025:05:14:21 +0000] "POST /auth/login HTTP/1.1" 500 17
::1 - - [05/Nov/2025:05:14:26 +0000] "POST /auth/login HTTP/1.1" 500 17
::1 - - [05/Nov/2025:05:14:28 +0000] "POST /auth/login HTTP/1.1" 500 17
::1 - - [05/Nov/2025:05:14:35 +0000] "POST /auth/login HTTP/1.1" 500 17
::1 - - [05/Nov/2025:05:14:44 +0000] "POST /auth/login HTTP/1.1" 200 225
::1 - - [06/Nov/2025:01:08:03 +0000] "POST /auth/login HTTP/1.1" 500 17
::1 - - [06/Nov/2025:01:08:32 +0000] "POST /auth/login HTTP/1.1" 500 17
::1 - - [06/Nov/2025:01:09:24 +0000] "POST /auth/login HTTP/1.1" 200 225
::1 - - [06/Nov/2025:01:09:43 +0000] "POST /auth/login HTTP/1.1" 200 225
::1 - - [06/Nov/2025:01:10:32 +0000] "POST /auth/login HTTP/1.1" 500 17
::1 - - [06/Nov/2025:01:10:59 +0000] "POST /auth/login HTTP/1.1" 200 225
::1 - - [06/Nov/2025:01:11:47 +0000] "POST /auth/login HTTP/1.1" 200 225
::1 - - [06/Nov/2025:01:12:02 +0000] "GET /tasks HTTP/1.1" 304 -
::1 - - [06/Nov/2025:01:20:29 +0000] "POST /auth/login HTTP/1.1" 200 225
::1 - - [06/Nov/2025:01:20:29 +0000] "GET /tasks HTTP/1.1" 304 -
::1 - - [06/Nov/2025:01:23:27 +0000] "POST /auth/login HTTP/1.1" 200 225
::1 - - [06/Nov/2025:01:23:27 +0000] "GET /tasks HTTP/1.1" 304 -
::1 - - [06/Nov/2025:01:25:03 +0000] "POST /auth/login HTTP/1.1" 200 225
::1 - - [06/Nov/2025:01:25:03 +0000] "GET /tasks HTTP/1.1" 304 -
::1 - - [06/Nov/2025:01:27:21 +0000] "GET /tasks HTTP/1.1" 304 -
::1 - - [06/Nov/2025:01:27:28 +0000] "GET /tasks HTTP/1.1" 304 -
::1 - - [06/Nov/2025:01:27:33 +0000] "GET /tasks HTTP/1.1" 304 -
::1 - - [06/Nov/2025:01:27:40 +0000] "GET /tasks HTTP/1.1" 304 -
::1 - - [06/Nov/2025:01:28:25 +0000] "GET /tasks HTTP/1.1" 304 -
::1 - - [06/Nov/2025:01:28:59 +0000] "GET /tasks HTTP/1.1" 304 -
::1 - - [06/Nov/2025:01:29:50 +0000] "GET /tasks HTTP/1.1" 304 -
::1 - - [06/Nov/2025:01:30:14 +0000] "GET /tasks HTTP/1.1" 304 -
::1 - - [06/Nov/2025:01:30:18 +0000] "GET /tasks HTTP/1.1" 304 -
::1 - - [06/Nov/2025:01:30:38 +0000] "GET /tasks HTTP/1.1" 304 -
::1 - - [06/Nov/2025:01:30:44 +0000] "GET /tasks HTTP/1.1" 304 -
::1 - - [06/Nov/2025:01:30:52 +0000] "GET /tasks HTTP/1.1" 304 -
::1 - - [06/Nov/2025:01:31:15 +0000] "GET /tasks HTTP/1.1" 304 -
::1 - - [06/Nov/2025:01:31:18 +0000] "GET /tasks HTTP/1.1" 304 -
::1 - - [06/Nov/2025:01:31:28 +0000] "GET /tasks HTTP/1.1" 304 -
::1 - - [06/Nov/2025:01:31:31 +0000] "GET /tasks HTTP/1.1" 304 -
::1 - - [06/Nov/2025:01:31:39 +0000] "GET /tasks HTTP/1.1" 304 -
::1 - - [06/Nov/2025:01:31:43 +0000] "GET /tasks HTTP/1.1" 304 -
::1 - - [06/Nov/2025:01:31:48 +0000] "GET /tasks HTTP/1.1" 304 -
::1 - - [06/Nov/2025:01:31:50 +0000] "GET /tasks HTTP/1.1" 304 -
