::1 - - [29/Oct/2025:00:27:25 +0000] "GET /tasks HTTP/1.1" 403 26
::1 - - [29/Oct/2025:00:27:25 +0000] "GET /tasks HTTP/1.1" 403 26
::1 - - [29/Oct/2025:00:28:48 +0000] "GET /tasks HTTP/1.1" 403 26
::1 - - [29/Oct/2025:00:28:48 +0000] "GET /tasks HTTP/1.1" 403 26
::1 - - [29/Oct/2025:00:28:59 +0000] "GET /tasks HTTP/1.1" 403 26
::1 - - [29/Oct/2025:00:28:59 +0000] "GET /tasks HTTP/1.1" 403 26
::1 - - [29/Oct/2025:00:56:04 +0000] "POST /tasks HTTP/1.1" 403 26
::1 - - [29/Oct/2025:00:56:10 +0000] "GET /tasks HTTP/1.1" 403 26
::1 - - [29/Oct/2025:00:56:10 +0000] "GET /tasks HTTP/1.1" 403 26
::1 - - [29/Oct/2025:00:56:13 +0000] "POST /tasks HTTP/1.1" 403 26
::1 - - [29/Oct/2025:00:56:39 +0000] "POST /tasks HTTP/1.1" 403 26
::1 - - [29/Oct/2025:00:57:24 +0000] "POST /auth/register HTTP/1.1" 400 21
::1 - - [29/Oct/2025:00:57:35 +0000] "POST /auth/register HTTP/1.1" 400 21
::1 - - [29/Oct/2025:00:58:40 +0000] "GET /tasks HTTP/1.1" 403 26
::1 - - [29/Oct/2025:00:58:40 +0000] "GET /tasks HTTP/1.1" 403 26
::1 - - [29/Oct/2025:00:59:39 +0000] "POST /auth/register HTTP/1.1" 201 32
::1 - - [29/Oct/2025:00:59:39 +0000] "POST /auth/login HTTP/1.1" 200 235
::1 - - [29/Oct/2025:00:59:39 +0000] "GET /tasks HTTP/1.1" 200 174
::1 - - [29/Oct/2025:00:59:39 +0000] "GET /tasks HTTP/1.1" 304 -
::1 - - [29/Oct/2025:00:59:43 +0000] "GET /tasks HTTP/1.1" 304 -
::1 - - [29/Oct/2025:00:59:43 +0000] "GET /tasks HTTP/1.1" 304 -
::1 - - [29/Oct/2025:00:59:48 +0000] "POST /tasks HTTP/1.1" 201 162
::1 - - [29/Oct/2025:01:00:21 +0000] "POST /tasks HTTP/1.1" 201 157
::1 - - [29/Oct/2025:20:23:48 +0000] "GET /tasks HTTP/1.1" 403 26
::1 - - [29/Oct/2025:20:23:48 +0000] "GET /tasks HTTP/1.1" 403 26
::1 - - [29/Oct/2025:21:00:31 +0000] "GET /tasks HTTP/1.1" 403 26
::1 - - [29/Oct/2025:21:00:31 +0000] "GET /tasks HTTP/1.1" 403 26
::1 - - [30/Oct/2025:00:18:27 +0000] "GET /tasks HTTP/1.1" 403 26
::1 - - [30/Oct/2025:00:18:27 +0000] "GET /tasks HTTP/1.1" 403 26
