::1 - - [06/Nov/2025:01:40:54 +0000] "POST /auth/register HTTP/1.1" 201 32
::1 - - [06/Nov/2025:01:40:54 +0000] "POST /auth/login HTTP/1.1" 200 224
::1 - - [06/Nov/2025:01:41:09 +0000] "POST /auth/login HTTP/1.1" 200 224
::1 - - [06/Nov/2025:01:41:09 +0000] "GET /tasks HTTP/1.1" 304 -
::1 - - [06/Nov/2025:01:44:51 +0000] "GET /tasks HTTP/1.1" 304 -
::1 - - [06/Nov/2025:01:45:06 +0000] "GET /tasks HTTP/1.1" 304 -
::1 - - [06/Nov/2025:01:47:37 +0000] "GET /tasks HTTP/1.1" 304 -
::1 - - [06/Nov/2025:01:47:56 +0000] "POST /auth/login HTTP/1.1" 200 224
::1 - - [06/Nov/2025:01:47:56 +0000] "GET /tasks HTTP/1.1" 304 -
::1 - - [06/Nov/2025:01:49:39 +0000] "GET /tasks HTTP/1.1" 304 -
::1 - - [06/Nov/2025:01:52:28 +0000] "GET /tasks HTTP/1.1" 304 -
::1 - - [06/Nov/2025:01:52:29 +0000] "GET /tasks HTTP/1.1" 304 -
::1 - - [06/Nov/2025:01:54:46 +0000] "GET /tasks HTTP/1.1" 304 -
::1 - - [06/Nov/2025:01:54:49 +0000] "POST /auth/login HTTP/1.1" 200 224
::1 - - [06/Nov/2025:01:54:49 +0000] "GET /tasks HTTP/1.1" 304 -
::1 - - [06/Nov/2025:01:55:03 +0000] "POST /auth/login HTTP/1.1" 200 224
::1 - - [06/Nov/2025:01:55:03 +0000] "GET /tasks HTTP/1.1" 304 -
::1 - - [06/Nov/2025:01:57:21 +0000] "GET /tasks HTTP/1.1" 304 -
::1 - - [06/Nov/2025:02:01:49 +0000] "GET /tasks HTTP/1.1" 304 -
::1 - - [06/Nov/2025:02:01:53 +0000] "POST /auth/login HTTP/1.1" 200 224
::1 - - [06/Nov/2025:02:01:53 +0000] "GET /tasks HTTP/1.1" 304 -
::1 - - [06/Nov/2025:02:02:02 +0000] "POST /auth/login HTTP/1.1" 200 224
::1 - - [06/Nov/2025:02:02:02 +0000] "GET /tasks HTTP/1.1" 304 -
::1 - - [06/Nov/2025:02:02:37 +0000] "GET /tasks HTTP/1.1" 304 -
::1 - - [06/Nov/2025:02:02:44 +0000] "POST /auth/login HTTP/1.1" 200 224
::1 - - [06/Nov/2025:02:02:44 +0000] "GET /tasks HTTP/1.1" 304 -
::1 - - [06/Nov/2025:02:03:27 +0000] "POST /auth/login HTTP/1.1" 200 224
::1 - - [06/Nov/2025:02:03:27 +0000] "GET /tasks HTTP/1.1" 304 -
::1 - - [06/Nov/2025:02:04:06 +0000] "GET /tasks HTTP/1.1" 304 -
::1 - - [06/Nov/2025:02:04:08 +0000] "POST /auth/login HTTP/1.1" 200 224
::1 - - [06/Nov/2025:02:04:08 +0000] "GET /tasks HTTP/1.1" 304 -
::1 - - [06/Nov/2025:02:04:20 +0000] "GET /tasks HTTP/1.1" 304 -
::1 - - [06/Nov/2025:02:04:40 +0000] "GET /tasks HTTP/1.1" 304 -
::1 - - [06/Nov/2025:02:04:48 +0000] "POST /auth/login HTTP/1.1" 200 224
::1 - - [06/Nov/2025:02:04:48 +0000] "GET /tasks HTTP/1.1" 304 -
::1 - - [06/Nov/2025:02:07:22 +0000] "GET /tasks HTTP/1.1" 304 -
::1 - - [06/Nov/2025:02:07:30 +0000] "POST /auth/login HTTP/1.1" 200 271
::1 - - [06/Nov/2025:02:07:30 +0000] "GET /tasks HTTP/1.1" 304 -
::1 - - [06/Nov/2025:02:07:57 +0000] "GET /tasks HTTP/1.1" 304 -
::1 - - [06/Nov/2025:02:08:02 +0000] "GET /tasks HTTP/1.1" 304 -
::1 - - [06/Nov/2025:02:08:49 +0000] "GET /tasks HTTP/1.1" 304 -
::1 - - [06/Nov/2025:02:08:57 +0000] "GET /tasks HTTP/1.1" 304 -
::1 - - [06/Nov/2025:02:09:06 +0000] "GET /tasks HTTP/1.1" 304 -
::1 - - [06/Nov/2025:02:09:20 +0000] "GET /tasks HTTP/1.1" 304 -
::1 - - [06/Nov/2025:02:09:30 +0000] "GET /tasks HTTP/1.1" 304 -
::1 - - [06/Nov/2025:02:10:22 +0000] "GET /tasks HTTP/1.1" 304 -
::1 - - [06/Nov/2025:02:10:33 +0000] "GET /tasks HTTP/1.1" 304 -
::1 - - [06/Nov/2025:02:10:39 +0000] "GET /tasks HTTP/1.1" 304 -
::1 - - [06/Nov/2025:02:12:12 +0000] "GET /tasks HTTP/1.1" 304 -
::1 - - [06/Nov/2025:02:12:26 +0000] "GET /tasks HTTP/1.1" 304 -
::1 - - [06/Nov/2025:02:12:51 +0000] "GET /tasks HTTP/1.1" 304 -
::1 - - [06/Nov/2025:02:12:58 +0000] "GET /tasks HTTP/1.1" 304 -
::1 - - [06/Nov/2025:02:13:02 +0000] "GET /tasks HTTP/1.1" 304 -
::1 - - [06/Nov/2025:02:13:06 +0000] "GET /tasks HTTP/1.1" 304 -
::1 - - [06/Nov/2025:02:13:18 +0000] "GET /tasks HTTP/1.1" 304 -
::1 - - [06/Nov/2025:02:13:23 +0000] "GET /tasks HTTP/1.1" 304 -
::1 - - [06/Nov/2025:02:14:05 +0000] "GET /tasks HTTP/1.1" 304 -
::1 - - [06/Nov/2025:02:14:24 +0000] "GET /tasks HTTP/1.1" 304 -
::1 - - [06/Nov/2025:02:14:28 +0000] "GET /tasks HTTP/1.1" 304 -
::1 - - [06/Nov/2025:02:14:34 +0000] "GET /tasks HTTP/1.1" 304 -
::1 - - [06/Nov/2025:02:14:35 +0000] "GET /tasks HTTP/1.1" 304 -
::1 - - [06/Nov/2025:02:14:39 +0000] "GET /tasks HTTP/1.1" 304 -
::1 - - [06/Nov/2025:02:14:55 +0000] "GET /tasks HTTP/1.1" 304 -
::1 - - [06/Nov/2025:02:15:58 +0000] "POST /tasks HTTP/1.1" 201 110
::1 - - [06/Nov/2025:02:17:03 +0000] "POST /tasks HTTP/1.1" 201 108
::1 - - [06/Nov/2025:02:22:38 +0000] "GET /tasks HTTP/1.1" 200 715
::1 - - [06/Nov/2025:02:31:21 +0000] "GET /tasks HTTP/1.1" 304 -
::1 - - [06/Nov/2025:02:39:39 +0000] "GET /tasks HTTP/1.1" 304 -
::1 - - [06/Nov/2025:02:49:25 +0000] "GET /tasks HTTP/1.1" 304 -
::1 - - [06/Nov/2025:02:53:14 +0000] "POST /tasks HTTP/1.1" 201 111
::1 - - [06/Nov/2025:02:53:18 +0000] "DELETE /tasks/undefined HTTP/1.1" 500 25
::1 - - [06/Nov/2025:02:53:20 +0000] "DELETE /tasks/undefined HTTP/1.1" 500 25
::1 - - [06/Nov/2025:02:53:22 +0000] "DELETE /tasks/undefined HTTP/1.1" 500 25
::1 - - [06/Nov/2025:02:53:23 +0000] "DELETE /tasks/undefined HTTP/1.1" 500 25
::1 - - [06/Nov/2025:02:53:32 +0000] "GET /tasks HTTP/1.1" 200 827
::1 - - [06/Nov/2025:02:53:35 +0000] "DELETE /tasks/f969885c-2eaa-411b-a8bb-a35759593501 HTTP/1.1" 500 25
::1 - - [06/Nov/2025:02:54:06 +0000] "PUT /tasks/f969885c-2eaa-411b-a8bb-a35759593501 HTTP/1.1" 400 16
::1 - - [06/Nov/2025:02:54:07 +0000] "PUT /tasks/f969885c-2eaa-411b-a8bb-a35759593501 HTTP/1.1" 400 16
::1 - - [06/Nov/2025:02:54:08 +0000] "PUT /tasks/f969885c-2eaa-411b-a8bb-a35759593501 HTTP/1.1" 400 16
::1 - - [06/Nov/2025:02:54:09 +0000] "PUT /tasks/81dba2c2-fa94-4234-bde2-d63735f82f08 HTTP/1.1" 400 16
::1 - - [06/Nov/2025:02:54:09 +0000] "PUT /tasks/81dba2c2-fa94-4234-bde2-d63735f82f08 HTTP/1.1" 400 16
::1 - - [06/Nov/2025:02:55:40 +0000] "POST /auth/login HTTP/1.1" 200 271
::1 - - [06/Nov/2025:02:55:40 +0000] "GET /tasks HTTP/1.1" 304 -
::1 - - [06/Nov/2025:02:55:52 +0000] "GET /tasks HTTP/1.1" 304 -
::1 - - [06/Nov/2025:02:55:55 +0000] "GET /tasks HTTP/1.1" 304 -
::1 - - [06/Nov/2025:02:59:20 +0000] "PUT /tasks/f969885c-2eaa-411b-a8bb-a35759593501 HTTP/1.1" 400 16
::1 - - [06/Nov/2025:03:02:35 +0000] "POST /auth/login HTTP/1.1" 200 271
::1 - - [06/Nov/2025:03:02:35 +0000] "GET /tasks HTTP/1.1" 304 -
::1 - - [06/Nov/2025:03:04:41 +0000] "PUT /tasks/f969885c-2eaa-411b-a8bb-a35759593501 HTTP/1.1" 400 16
::1 - - [06/Nov/2025:03:04:42 +0000] "PUT /tasks/81dba2c2-fa94-4234-bde2-d63735f82f08 HTTP/1.1" 400 16
::1 - - [06/Nov/2025:03:04:47 +0000] "DELETE /tasks/f969885c-2eaa-411b-a8bb-a35759593501 HTTP/1.1" 500 25
::1 - - [06/Nov/2025:03:04:54 +0000] "GET /tasks HTTP/1.1" 304 -
::1 - - [06/Nov/2025:03:05:00 +0000] "DELETE /tasks/f969885c-2eaa-411b-a8bb-a35759593501 HTTP/1.1" 500 25
